{"/Users/sinpuifang/Documents/SQA/workspace/AMW_Server/server/app.js": {"path":"/Users/sinpuifang/Documents/SQA/workspace/AMW_Server/server/app.js","statementMap":{"0":{"start":{"line":12,"column":10},"end":{"line":12,"column":19}},"1":{"start":{"line":14,"column":0},"end":{"line":14,"column":23}},"2":{"start":{"line":15,"column":0},"end":{"line":15,"column":24}},"3":{"start":{"line":16,"column":0},"end":{"line":16,"column":49}},"4":{"start":{"line":17,"column":0},"end":{"line":17,"column":24}},"5":{"start":{"line":20,"column":0},"end":{"line":20,"column":26}},"6":{"start":{"line":26,"column":0},"end":{"line":28,"column":3}},"7":{"start":{"line":27,"column":2},"end":{"line":27,"column":64}},"8":{"start":{"line":31,"column":0},"end":{"line":54,"column":3}},"9":{"start":{"line":36,"column":2},"end":{"line":52,"column":3}},"10":{"start":{"line":37,"column":4},"end":{"line":44,"column":5}},"11":{"start":{"line":41,"column":6},"end":{"line":41,"column":44}},"12":{"start":{"line":42,"column":6},"end":{"line":42,"column":22}},"13":{"start":{"line":43,"column":6},"end":{"line":43,"column":43}},"14":{"start":{"line":45,"column":18},"end":{"line":50,"column":5}},"15":{"start":{"line":51,"column":4},"end":{"line":51,"column":23}},"16":{"start":{"line":53,"column":2},"end":{"line":53,"column":19}},"17":{"start":{"line":57,"column":0},"end":{"line":64,"column":3}},"18":{"start":{"line":58,"column":2},"end":{"line":62,"column":5}},"19":{"start":{"line":63,"column":2},"end":{"line":63,"column":9}}},"fnMap":{"0":{"name":"(anonymous_0)","decl":{"start":{"line":26,"column":13},"end":{"line":26,"column":14}},"loc":{"start":{"line":26,"column":27},"end":{"line":28,"column":1}},"line":26},"1":{"name":"(anonymous_1)","decl":{"start":{"line":31,"column":8},"end":{"line":31,"column":9}},"loc":{"start":{"line":31,"column":33},"end":{"line":54,"column":1}},"line":31},"2":{"name":"(anonymous_2)","decl":{"start":{"line":57,"column":8},"end":{"line":57,"column":9}},"loc":{"start":{"line":57,"column":33},"end":{"line":64,"column":1}},"line":57}},"branchMap":{"0":{"loc":{"start":{"line":36,"column":2},"end":{"line":52,"column":3}},"type":"if","locations":[{"start":{"line":36,"column":2},"end":{"line":52,"column":3}},{"start":{"line":36,"column":2},"end":{"line":52,"column":3}}],"line":36},"1":{"loc":{"start":{"line":37,"column":4},"end":{"line":44,"column":5}},"type":"if","locations":[{"start":{"line":37,"column":4},"end":{"line":44,"column":5}},{"start":{"line":37,"column":4},"end":{"line":44,"column":5}}],"line":37},"2":{"loc":{"start":{"line":38,"column":6},"end":{"line":39,"column":39}},"type":"binary-expr","locations":[{"start":{"line":38,"column":6},"end":{"line":38,"column":40}},{"start":{"line":39,"column":6},"end":{"line":39,"column":39}}],"line":38},"3":{"loc":{"start":{"line":59,"column":13},"end":{"line":59,"column":64}},"type":"cond-expr","locations":[{"start":{"line":59,"column":28},"end":{"line":59,"column":39}},{"start":{"line":59,"column":42},"end":{"line":59,"column":64}}],"line":59},"4":{"loc":{"start":{"line":60,"column":10},"end":{"line":60,"column":54}},"type":"cond-expr","locations":[{"start":{"line":60,"column":21},"end":{"line":60,"column":29}},{"start":{"line":60,"column":32},"end":{"line":60,"column":54}}],"line":60},"5":{"loc":{"start":{"line":61,"column":11},"end":{"line":61,"column":56}},"type":"cond-expr","locations":[{"start":{"line":61,"column":42},"end":{"line":61,"column":51}},{"start":{"line":61,"column":54},"end":{"line":61,"column":56}}],"line":61}},"s":{"0":1,"1":1,"2":1,"3":1,"4":1,"5":1,"6":1,"7":1,"8":1,"9":0,"10":0,"11":0,"12":0,"13":0,"14":0,"15":0,"16":0,"17":1,"18":0,"19":0},"f":{"0":1,"1":0,"2":0},"b":{"0":[0,0],"1":[0,0],"2":[0,0],"3":[0,0],"4":[0,0],"5":[0,0]},"_coverageSchema":"1a1c01bbd47fc00a2c39e90264f33305004495a9","hash":"c9c42e5d028648b8b0924a761bc788f5c9ec1455"}
,"/Users/sinpuifang/Documents/SQA/workspace/AMW_Server/server/bin/www.js": {"path":"/Users/sinpuifang/Documents/SQA/workspace/AMW_Server/server/bin/www.js","statementMap":{"0":{"start":{"line":11,"column":12},"end":{"line":11,"column":36}},"1":{"start":{"line":17,"column":11},"end":{"line":17,"column":52}},"2":{"start":{"line":18,"column":0},"end":{"line":18,"column":22}},"3":{"start":{"line":24,"column":13},"end":{"line":24,"column":35}},"4":{"start":{"line":30,"column":0},"end":{"line":30,"column":20}},"5":{"start":{"line":31,"column":0},"end":{"line":31,"column":28}},"6":{"start":{"line":32,"column":0},"end":{"line":32,"column":36}},"7":{"start":{"line":39,"column":12},"end":{"line":39,"column":29}},"8":{"start":{"line":41,"column":1},"end":{"line":44,"column":2}},"9":{"start":{"line":43,"column":3},"end":{"line":43,"column":14}},"10":{"start":{"line":46,"column":1},"end":{"line":49,"column":2}},"11":{"start":{"line":48,"column":3},"end":{"line":48,"column":15}},"12":{"start":{"line":51,"column":1},"end":{"line":51,"column":14}},"13":{"start":{"line":59,"column":1},"end":{"line":61,"column":2}},"14":{"start":{"line":60,"column":3},"end":{"line":60,"column":15}},"15":{"start":{"line":63,"column":12},"end":{"line":65,"column":19}},"16":{"start":{"line":68,"column":1},"end":{"line":79,"column":2}},"17":{"start":{"line":70,"column":5},"end":{"line":70,"column":59}},"18":{"start":{"line":71,"column":5},"end":{"line":71,"column":21}},"19":{"start":{"line":72,"column":5},"end":{"line":72,"column":11}},"20":{"start":{"line":74,"column":5},"end":{"line":74,"column":48}},"21":{"start":{"line":75,"column":5},"end":{"line":75,"column":21}},"22":{"start":{"line":76,"column":5},"end":{"line":76,"column":11}},"23":{"start":{"line":78,"column":5},"end":{"line":78,"column":17}},"24":{"start":{"line":87,"column":12},"end":{"line":87,"column":28}},"25":{"start":{"line":88,"column":12},"end":{"line":90,"column":24}},"26":{"start":{"line":91,"column":1},"end":{"line":91,"column":31}}},"fnMap":{"0":{"name":"normalizePort","decl":{"start":{"line":38,"column":9},"end":{"line":38,"column":22}},"loc":{"start":{"line":38,"column":28},"end":{"line":52,"column":1}},"line":38},"1":{"name":"onError","decl":{"start":{"line":58,"column":9},"end":{"line":58,"column":16}},"loc":{"start":{"line":58,"column":24},"end":{"line":80,"column":1}},"line":58},"2":{"name":"onListening","decl":{"start":{"line":86,"column":9},"end":{"line":86,"column":20}},"loc":{"start":{"line":86,"column":23},"end":{"line":92,"column":1}},"line":86}},"branchMap":{"0":{"loc":{"start":{"line":17,"column":25},"end":{"line":17,"column":51}},"type":"binary-expr","locations":[{"start":{"line":17,"column":25},"end":{"line":17,"column":41}},{"start":{"line":17,"column":45},"end":{"line":17,"column":51}}],"line":17},"1":{"loc":{"start":{"line":41,"column":1},"end":{"line":44,"column":2}},"type":"if","locations":[{"start":{"line":41,"column":1},"end":{"line":44,"column":2}},{"start":{"line":41,"column":1},"end":{"line":44,"column":2}}],"line":41},"2":{"loc":{"start":{"line":46,"column":1},"end":{"line":49,"column":2}},"type":"if","locations":[{"start":{"line":46,"column":1},"end":{"line":49,"column":2}},{"start":{"line":46,"column":1},"end":{"line":49,"column":2}}],"line":46},"3":{"loc":{"start":{"line":59,"column":1},"end":{"line":61,"column":2}},"type":"if","locations":[{"start":{"line":59,"column":1},"end":{"line":61,"column":2}},{"start":{"line":59,"column":1},"end":{"line":61,"column":2}}],"line":59},"4":{"loc":{"start":{"line":63,"column":12},"end":{"line":65,"column":19}},"type":"cond-expr","locations":[{"start":{"line":64,"column":5},"end":{"line":64,"column":19}},{"start":{"line":65,"column":5},"end":{"line":65,"column":19}}],"line":63},"5":{"loc":{"start":{"line":68,"column":1},"end":{"line":79,"column":2}},"type":"switch","locations":[{"start":{"line":69,"column":3},"end":{"line":72,"column":11}},{"start":{"line":73,"column":3},"end":{"line":76,"column":11}},{"start":{"line":77,"column":3},"end":{"line":78,"column":17}}],"line":68},"6":{"loc":{"start":{"line":88,"column":12},"end":{"line":90,"column":24}},"type":"cond-expr","locations":[{"start":{"line":89,"column":5},"end":{"line":89,"column":19}},{"start":{"line":90,"column":5},"end":{"line":90,"column":24}}],"line":88}},"s":{"0":1,"1":1,"2":1,"3":1,"4":1,"5":1,"6":1,"7":1,"8":1,"9":0,"10":1,"11":1,"12":0,"13":0,"14":0,"15":0,"16":0,"17":0,"18":0,"19":0,"20":0,"21":0,"22":0,"23":0,"24":1,"25":1,"26":1},"f":{"0":1,"1":0,"2":1},"b":{"0":[1,1],"1":[0,1],"2":[1,0],"3":[0,0],"4":[0,0],"5":[0,0,0],"6":[0,1]},"_coverageSchema":"1a1c01bbd47fc00a2c39e90264f33305004495a9","hash":"e1b5f3d179a4a8cc97529d836f65a6d627156968"}
,"/Users/sinpuifang/Documents/SQA/workspace/AMW_Server/server/routes/index.js": {"path":"/Users/sinpuifang/Documents/SQA/workspace/AMW_Server/server/routes/index.js","statementMap":{"0":{"start":{"line":3,"column":15},"end":{"line":3,"column":31}},"1":{"start":{"line":6,"column":0},"end":{"line":8,"column":3}},"2":{"start":{"line":7,"column":2},"end":{"line":7,"column":43}}},"fnMap":{"0":{"name":"(anonymous_0)","decl":{"start":{"line":6,"column":20},"end":{"line":6,"column":21}},"loc":{"start":{"line":6,"column":40},"end":{"line":8,"column":1}},"line":6}},"branchMap":{},"s":{"0":1,"1":1,"2":1},"f":{"0":1},"b":{},"_coverageSchema":"1a1c01bbd47fc00a2c39e90264f33305004495a9","hash":"60d4f6e548e42dc5d73b2fba1cd4bc34da0cd044"}
,"/Users/sinpuifang/Documents/SQA/workspace/AMW_Server/server/utils/AppError.js": {"path":"/Users/sinpuifang/Documents/SQA/workspace/AMW_Server/server/utils/AppError.js","statementMap":{"0":{"start":{"line":8,"column":4},"end":{"line":8,"column":19}},"1":{"start":{"line":9,"column":4},"end":{"line":9,"column":27}},"2":{"start":{"line":10,"column":4},"end":{"line":10,"column":38}},"3":{"start":{"line":11,"column":4},"end":{"line":11,"column":25}},"4":{"start":{"line":12,"column":4},"end":{"line":12,"column":29}},"5":{"start":{"line":13,"column":4},"end":{"line":13,"column":21}},"6":{"start":{"line":14,"column":4},"end":{"line":14,"column":30}},"7":{"start":{"line":15,"column":4},"end":{"line":15,"column":57}},"8":{"start":{"line":35,"column":4},"end":{"line":35,"column":43}},"9":{"start":{"line":36,"column":4},"end":{"line":36,"column":29}},"10":{"start":{"line":56,"column":4},"end":{"line":56,"column":43}},"11":{"start":{"line":57,"column":4},"end":{"line":57,"column":29}}},"fnMap":{"0":{"name":"(anonymous_0)","decl":{"start":{"line":7,"column":2},"end":{"line":7,"column":3}},"loc":{"start":{"line":7,"column":47},"end":{"line":16,"column":3}},"line":7},"1":{"name":"(anonymous_1)","decl":{"start":{"line":29,"column":2},"end":{"line":29,"column":3}},"loc":{"start":{"line":34,"column":4},"end":{"line":37,"column":3}},"line":34},"2":{"name":"(anonymous_2)","decl":{"start":{"line":50,"column":2},"end":{"line":50,"column":3}},"loc":{"start":{"line":55,"column":4},"end":{"line":58,"column":3}},"line":55}},"branchMap":{"0":{"loc":{"start":{"line":30,"column":4},"end":{"line":30,"column":23}},"type":"default-arg","locations":[{"start":{"line":30,"column":14},"end":{"line":30,"column":23}}],"line":30},"1":{"loc":{"start":{"line":31,"column":4},"end":{"line":31,"column":33}},"type":"default-arg","locations":[{"start":{"line":31,"column":13},"end":{"line":31,"column":33}}],"line":31},"2":{"loc":{"start":{"line":32,"column":4},"end":{"line":32,"column":19}},"type":"default-arg","locations":[{"start":{"line":32,"column":15},"end":{"line":32,"column":19}}],"line":32},"3":{"loc":{"start":{"line":33,"column":4},"end":{"line":33,"column":14}},"type":"default-arg","locations":[{"start":{"line":33,"column":11},"end":{"line":33,"column":14}}],"line":33},"4":{"loc":{"start":{"line":51,"column":4},"end":{"line":51,"column":25}},"type":"default-arg","locations":[{"start":{"line":51,"column":14},"end":{"line":51,"column":25}}],"line":51},"5":{"loc":{"start":{"line":52,"column":4},"end":{"line":52,"column":33}},"type":"default-arg","locations":[{"start":{"line":52,"column":13},"end":{"line":52,"column":33}}],"line":52},"6":{"loc":{"start":{"line":53,"column":4},"end":{"line":53,"column":19}},"type":"default-arg","locations":[{"start":{"line":53,"column":15},"end":{"line":53,"column":19}}],"line":53},"7":{"loc":{"start":{"line":54,"column":4},"end":{"line":54,"column":14}},"type":"default-arg","locations":[{"start":{"line":54,"column":11},"end":{"line":54,"column":14}}],"line":54}},"s":{"0":0,"1":0,"2":0,"3":0,"4":0,"5":0,"6":0,"7":0,"8":0,"9":0,"10":0,"11":0},"f":{"0":0,"1":0,"2":0},"b":{"0":[0],"1":[0],"2":[0],"3":[0],"4":[0],"5":[0],"6":[0],"7":[0]},"_coverageSchema":"1a1c01bbd47fc00a2c39e90264f33305004495a9","hash":"df7d97449612c465e6e31c56f4ad9bc7a682c846"}
}
