TN:
SF:server/app.js
FN:26,(anonymous_0)
FN:31,(anonymous_1)
FN:57,(anonymous_2)
FNF:3
FNH:1
FNDA:1,(anonymous_0)
FNDA:0,(anonymous_1)
FNDA:0,(anonymous_2)
DA:12,1
DA:14,1
DA:15,1
DA:16,1
DA:17,1
DA:20,1
DA:26,1
DA:27,1
DA:31,1
DA:36,0
DA:37,0
DA:41,0
DA:42,0
DA:43,0
DA:45,0
DA:51,0
DA:53,0
DA:57,1
DA:58,0
DA:63,0
LF:20
LH:10
BRDA:36,0,0,0
BRDA:36,0,1,0
BRDA:37,1,0,0
BRDA:37,1,1,0
BRDA:38,2,0,0
BRDA:38,2,1,0
BRDA:59,3,0,0
BRDA:59,3,1,0
BRDA:60,4,0,0
BRDA:60,4,1,0
BRDA:61,5,0,0
BRDA:61,5,1,0
BRF:12
BRH:0
end_of_record
TN:
SF:server/bin/www.js
FN:38,normalizePort
FN:58,onError
FN:86,onListening
FNF:3
FNH:2
FNDA:1,normalizePort
FNDA:0,onError
FNDA:1,onListening
DA:11,1
DA:17,1
DA:18,1
DA:24,1
DA:30,1
DA:31,1
DA:32,1
DA:39,1
DA:41,1
DA:43,0
DA:46,1
DA:48,1
DA:51,0
DA:59,0
DA:60,0
DA:63,0
DA:68,0
DA:70,0
DA:71,0
DA:72,0
DA:74,0
DA:75,0
DA:76,0
DA:78,0
DA:87,1
DA:88,1
DA:91,1
LF:27
LH:14
BRDA:17,0,0,1
BRDA:17,0,1,1
BRDA:41,1,0,0
BRDA:41,1,1,1
BRDA:46,2,0,1
BRDA:46,2,1,0
BRDA:59,3,0,0
BRDA:59,3,1,0
BRDA:63,4,0,0
BRDA:63,4,1,0
BRDA:68,5,0,0
BRDA:68,5,1,0
BRDA:68,5,2,0
BRDA:88,6,0,0
BRDA:88,6,1,1
BRF:15
BRH:5
end_of_record
TN:
SF:server/routes/index.js
FN:6,(anonymous_0)
FNF:1
FNH:1
FNDA:1,(anonymous_0)
DA:3,1
DA:6,1
DA:7,1
LF:3
LH:3
BRF:0
BRH:0
end_of_record
TN:
SF:server/utils/AppError.js
FN:7,(anonymous_0)
FN:29,(anonymous_1)
FN:50,(anonymous_2)
FNF:3
FNH:0
FNDA:0,(anonymous_0)
FNDA:0,(anonymous_1)
FNDA:0,(anonymous_2)
DA:8,0
DA:9,0
DA:10,0
DA:11,0
DA:12,0
DA:13,0
DA:14,0
DA:15,0
DA:35,0
DA:36,0
DA:56,0
DA:57,0
LF:12
LH:0
BRDA:30,0,0,0
BRDA:31,1,0,0
BRDA:32,2,0,0
BRDA:33,3,0,0
BRDA:51,4,0,0
BRDA:52,5,0,0
BRDA:53,6,0,0
BRDA:54,7,0,0
BRF:8
BRH:0
end_of_record
